********************************************************************************
DUPLICATOR-LITE PACKAGE-LOG: September 12, 2018 11:45 pm
NOTICE: Do NOT post to public sites or forums 
********************************************************************************
VERSION:	1.2.40
WORDPRESS:	4.9.8
PHP INFO:	7.2.1 | SAPI: apache2handler
SERVER:		Apache/2.2.34 (Unix) mod_wsgi/3.5 Python/2.7.13 PHP/7.2.1 mod_ssl/2.2.34 OpenSSL/1.0.2j DAV/2 mod_fastcgi/2.4.6 mod_perl/2.0.9 Perl/v5.24.0 
PHP TIME LIMIT: (0) no time limit imposed 
PHP MAX MEMORY: 2048M (128M default) 
MEMORY STACK: 14MB 

********************************************************************************
DATABASE:
********************************************************************************
BUILD MODE:   PHP(query limit - 100)
MYSQLTIMEOUT: 5000
MYSQLDUMP:    Not Supported 
TABLES: total:15 | filtered:0 | create:15 
FILTERED: [] 
SQL CREATED: 20180731_openrecent_13e3df4fbe7dbf4a5865180912234538_database.sql 
SQL FILE SIZE: 758.44KB (776644) 
SQL FILE TIME: 2018-09-12 23:45:54 
SQL RUNTIME: 0.18 sec. 

******************************************************************************** 
ARCHIVE (ZIP): 
******************************************************************************** 
ARCHIVE DIR:  /Users/song-yehwan/Sites/openrecent 
ARCHIVE FILE: 20180731_openrecent_13e3df4fbe7dbf4a5865180912234538_archive.zip 
FILTERS: *OFF* 
DIRS:
	not set 
FILES:
	not set 
EXTS:  not set 
---------------------------------------- 
COMPRESSING 
SIZE:	68.85MB 
STATS:	Dirs 203 | Files 2,010 
SQL ADDED: 20180731_openrecent_13e3df4fbe7dbf4a5865180912234538_database.sql 
ZipArchive Object
(
    [status] => 0
    [statusSys] => 0
    [numFiles] => 2213
    [filename] => /Users/song-yehwan/Sites/openrecent/wp-snapshots/tmp/20180731_openrecent_13e3df4fbe7dbf4a5865180912234538_archive.zip
    [comment] => 
)
 
COMPRESSION RESULT: '1' 
COMPRESSED SIZE: 44.45MB 
ARCHIVE RUNTIME: 6.81 sec. 
MEMORY STACK: 16MB 

******************************************************************************** 
MAKE INSTALLER: 
******************************************************************************** 
Build Start 
Build Finished 
Preping for use 
PACK SIZE:  
Template parsed with new data 
Complete [/Users/song-yehwan/Sites/openrecent/wp-snapshots/tmp/20180731_openrecent_13e3df4fbe7dbf4a5865180912234538_installer.php] 
Added to archive 

******************************************************************************** 
INTEGRITY CHECKS: 
******************************************************************************** 
SQL File: 758.44KB 
Installer File: 445.92KB 
Archive File: 44.45MB  

********************************************************************************
RECORD ID:[5]
TOTAL PROCESS RUNTIME: 7.47 sec.
PEAK PHP MEMORY USED: 18MB
DONE PROCESSING => 20180731_openrecent September 12, 2018 11:46 pm
 
