********************************************************************************
DUPLICATOR-LITE PACKAGE-LOG: September 2, 2018 4:04 am
NOTICE: Do NOT post to public sites or forums 
********************************************************************************
VERSION:	1.2.40
WORDPRESS:	4.9.8
PHP INFO:	7.2.1 | SAPI: apache2handler
SERVER:		Apache/2.2.34 (Unix) mod_wsgi/3.5 Python/2.7.13 PHP/7.2.1 mod_ssl/2.2.34 OpenSSL/1.0.2j DAV/2 mod_fastcgi/2.4.6 mod_perl/2.0.9 Perl/v5.24.0 
PHP TIME LIMIT: (0) no time limit imposed 
PHP MAX MEMORY: 2048M (128M default) 
MEMORY STACK: 12MB 

********************************************************************************
DATABASE:
********************************************************************************
BUILD MODE:   PHP(query limit - 100)
MYSQLTIMEOUT: 5000
MYSQLDUMP:    Not Supported 
TABLES: total:13 | filtered:0 | create:13 
FILTERED: [] 
SQL CREATED: 20180731_openrecent_29cfd5d2eabb2ef74113180902040352_database.sql 
SQL FILE SIZE: 501.96KB (514011) 
SQL FILE TIME: 2018-09-02 04:04:08 
SQL RUNTIME: 0.11 sec. 

******************************************************************************** 
ARCHIVE (ZIP): 
******************************************************************************** 
ARCHIVE DIR:  /Users/song-yehwan/Sites/openrecent 
ARCHIVE FILE: 20180731_openrecent_29cfd5d2eabb2ef74113180902040352_archive.zip 
FILTERS: *OFF* 
DIRS:
	not set 
FILES:
	not set 
EXTS:  not set 
---------------------------------------- 
COMPRESSING 
SIZE:	81.56MB 
STATS:	Dirs 197 | Files 2,007 
SQL ADDED: 20180731_openrecent_29cfd5d2eabb2ef74113180902040352_database.sql 
ZipArchive Object
(
    [status] => 0
    [statusSys] => 0
    [numFiles] => 2204
    [filename] => /Users/song-yehwan/Sites/openrecent/wp-snapshots/tmp/20180731_openrecent_29cfd5d2eabb2ef74113180902040352_archive.zip
    [comment] => 
)
 
COMPRESSION RESULT: '1' 
COMPRESSED SIZE: 58.27MB 
ARCHIVE RUNTIME: 7.49 sec. 
MEMORY STACK: 12MB 

******************************************************************************** 
MAKE INSTALLER: 
******************************************************************************** 
Build Start 
Build Finished 
Preping for use 
PACK SIZE:  
Template parsed with new data 
Complete [/Users/song-yehwan/Sites/openrecent/wp-snapshots/tmp/20180731_openrecent_29cfd5d2eabb2ef74113180902040352_installer.php] 
Added to archive 

******************************************************************************** 
INTEGRITY CHECKS: 
******************************************************************************** 
SQL File: 501.96KB 
Installer File: 445.92KB 
Archive File: 58.27MB  

********************************************************************************
RECORD ID:[4]
TOTAL PROCESS RUNTIME: 8.07 sec.
PEAK PHP MEMORY USED: 14MB
DONE PROCESSING => 20180731_openrecent September 2, 2018 4:04 am
 
